# JRE version: Java(TM) SE Runtime Environment (8.0_31-b13) (build 1.8.0_31-b13)
# Java VM: Java HotSpot(TM) 64-Bit Server VM (25.31-b07 mixed mode windows-amd64 compressed oops)
Heap:
 PSYoungGen      total 230400K, used 11249K [0x00000000d5c00000, 0x00000000e7300000, 0x0000000100000000)
  eden space 219136K, 0% used [0x00000000d5c00000,0x00000000d5c00000,0x00000000e3200000)
  from space 11264K, 99% used [0x00000000e5d00000,0x00000000e67fc538,0x00000000e6800000)
  to   space 7680K, 0% used [0x00000000e6b80000,0x00000000e6b80000,0x00000000e7300000)
 ParOldGen       total 56320K, used 8771K [0x0000000081400000, 0x0000000084b00000, 0x00000000d5c00000)
  object space 56320K, 15% used [0x0000000081400000,0x0000000081c90d50,0x0000000084b00000)
 Metaspace       used 29801K, capacity 31378K, committed 31488K, reserved 1081344K
  class space    used 4061K, capacity 4334K, committed 4352K, reserved 1048576K
GC Heap History (10 events):
Event: 2.495 GC heap after
Heap after GC invocations=4 (full 0):
 PSYoungGen      total 138240K, used 5116K [0x00000000d5c00000, 0x00000000de800000, 0x0000000100000000)
  eden space 133120K, 0% used [0x00000000d5c00000,0x00000000d5c00000,0x00000000dde00000)
  from space 5120K, 99% used [0x00000000de300000,0x00000000de7ff0f8,0x00000000de800000)
  to   space 5120K, 0% used [0x00000000dde00000,0x00000000dde00000,0x00000000de300000)
 ParOldGen       total 87552K, used 10875K [0x0000000081400000, 0x0000000086980000, 0x00000000d5c00000)
  object space 87552K, 12% used [0x0000000081400000,0x0000000081e9ede0,0x0000000086980000)
 Metaspace       used 19108K, capacity 19712K, committed 19840K, reserved 1067008K
  class space    used 2544K, capacity 2675K, committed 2688K, reserved 1048576K
}
Event: 2.672 GC heap before
{Heap before GC invocations=5 (full 0):
 PSYoungGen      total 138240K, used 32704K [0x00000000d5c00000, 0x00000000de800000, 0x0000000100000000)
  eden space 133120K, 20% used [0x00000000d5c00000,0x00000000d76f1148,0x00000000dde00000)
  from space 5120K, 99% used [0x00000000de300000,0x00000000de7ff0f8,0x00000000de800000)
  to   space 5120K, 0% used [0x00000000dde00000,0x00000000dde00000,0x00000000de300000)
 ParOldGen       total 87552K, used 10875K [0x0000000081400000, 0x0000000086980000, 0x00000000d5c00000)
  object space 87552K, 12% used [0x0000000081400000,0x0000000081e9ede0,0x0000000086980000)
 Metaspace       used 20540K, capacity 21224K, committed 21296K, reserved 1067008K
  class space    used 2750K, capacity 2917K, committed 2944K, reserved 1048576K
Event: 2.681 GC heap after
Heap after GC invocations=5 (full 0):
 PSYoungGen      total 138240K, used 5118K [0x00000000d5c00000, 0x00000000e7700000, 0x0000000100000000)
  eden space 133120K, 0% used [0x00000000d5c00000,0x00000000d5c00000,0x00000000dde00000)
  from space 5120K, 99% used [0x00000000dde00000,0x00000000de2ffbf0,0x00000000de300000)
  to   space 11776K, 0% used [0x00000000e6b80000,0x00000000e6b80000,0x00000000e7700000)
 ParOldGen       total 87552K, used 12357K [0x0000000081400000, 0x0000000086980000, 0x00000000d5c00000)
  object space 87552K, 14% used [0x0000000081400000,0x0000000082011760,0x0000000086980000)
 Metaspace       used 20540K, capacity 21224K, committed 21296K, reserved 1067008K
  class space    used 2750K, capacity 2917K, committed 2944K, reserved 1048576K
}
Event: 2.681 GC heap before
{Heap before GC invocations=6 (full 1):
 PSYoungGen      total 138240K, used 5118K [0x00000000d5c00000, 0x00000000e7700000, 0x0000000100000000)
  eden space 133120K, 0% used [0x00000000d5c00000,0x00000000d5c00000,0x00000000dde00000)
  from space 5120K, 99% used [0x00000000dde00000,0x00000000de2ffbf0,0x00000000de300000)
  to   space 11776K, 0% used [0x00000000e6b80000,0x00000000e6b80000,0x00000000e7700000)
 ParOldGen       total 87552K, used 12357K [0x0000000081400000, 0x0000000086980000, 0x00000000d5c00000)
  object space 87552K, 14% used [0x0000000081400000,0x0000000082011760,0x0000000086980000)
 Metaspace       used 20540K, capacity 21224K, committed 21296K, reserved 1067008K
  class space    used 2750K, capacity 2917K, committed 2944K, reserved 1048576K
Event: 2.731 GC heap after
Heap after GC invocations=6 (full 1):
 PSYoungGen      total 138240K, used 0K [0x00000000d5c00000, 0x00000000e7700000, 0x0000000100000000)
  eden space 133120K, 0% used [0x00000000d5c00000,0x00000000d5c00000,0x00000000dde00000)
  from space 5120K, 0% used [0x00000000dde00000,0x00000000dde00000,0x00000000de300000)
  to   space 11776K, 0% used [0x00000000e6b80000,0x00000000e6b80000,0x00000000e7700000)
 ParOldGen       total 56320K, used 6654K [0x0000000081400000, 0x0000000084b00000, 0x00000000d5c00000)
  object space 56320K, 11% used [0x0000000081400000,0x0000000081a7fac0,0x0000000084b00000)
 Metaspace       used 20538K, capacity 21222K, committed 21296K, reserved 1067008K
  class space    used 2749K, capacity 2916K, committed 2944K, reserved 1048576K
}
Event: 4.043 GC heap before
{Heap before GC invocations=7 (full 1):
 PSYoungGen      total 138240K, used 133120K [0x00000000d5c00000, 0x00000000e7700000, 0x0000000100000000)
  eden space 133120K, 100% used [0x00000000d5c00000,0x00000000dde00000,0x00000000dde00000)
  from space 5120K, 0% used [0x00000000dde00000,0x00000000dde00000,0x00000000de300000)
  to   space 11776K, 0% used [0x00000000e6b80000,0x00000000e6b80000,0x00000000e7700000)
 ParOldGen       total 56320K, used 6654K [0x0000000081400000, 0x0000000084b00000, 0x00000000d5c00000)
  object space 56320K, 11% used [0x0000000081400000,0x0000000081a7fac0,0x0000000084b00000)
 Metaspace       used 24370K, capacity 25436K, committed 25728K, reserved 1071104K
  class space    used 3356K, capacity 3599K, committed 3712K, reserved 1048576K
Event: 4.051 GC heap after
Heap after GC invocations=7 (full 1):
 PSYoungGen      total 226816K, used 7509K [0x00000000d5c00000, 0x00000000e7300000, 0x0000000100000000)
  eden space 219136K, 0% used [0x00000000d5c00000,0x00000000d5c00000,0x00000000e3200000)
  from space 7680K, 97% used [0x00000000e6b80000,0x00000000e72d55f8,0x00000000e7300000)
  to   space 11264K, 0% used [0x00000000e5d00000,0x00000000e5d00000,0x00000000e6800000)
 ParOldGen       total 56320K, used 6662K [0x0000000081400000, 0x0000000084b00000, 0x00000000d5c00000)
  object space 56320K, 11% used [0x0000000081400000,0x0000000081a81ac0,0x0000000084b00000)
 Metaspace       used 24370K, capacity 25436K, committed 25728K, reserved 1071104K
  class space    used 3356K, capacity 3599K, committed 3712K, reserved 1048576K
}
Event: 5.519 GC heap before
{Heap before GC invocations=8 (full 1):
 PSYoungGen      total 226816K, used 160839K [0x00000000d5c00000, 0x00000000e7300000, 0x0000000100000000)
  eden space 219136K, 69% used [0x00000000d5c00000,0x00000000df1bc9a0,0x00000000e3200000)
  from space 7680K, 97% used [0x00000000e6b80000,0x00000000e72d55f8,0x00000000e7300000)
  to   space 11264K, 0% used [0x00000000e5d00000,0x00000000e5d00000,0x00000000e6800000)
 ParOldGen       total 56320K, used 6662K [0x0000000081400000, 0x0000000084b00000, 0x00000000d5c00000)
  object space 56320K, 11% used [0x0000000081400000,0x0000000081a81ac0,0x0000000084b00000)
 Metaspace       used 29801K, capacity 31378K, committed 31488K, reserved 1081344K
  class space    used 4061K, capacity 4334K, committed 4352K, reserved 1048576K
Event: 5.532 GC heap after
Heap after GC invocations=8 (full 1):
 PSYoungGen      total 230400K, used 11249K [0x00000000d5c00000, 0x00000000e7300000, 0x0000000100000000)
  eden space 219136K, 0% used [0x00000000d5c00000,0x00000000d5c00000,0x00000000e3200000)
  from space 11264K, 99% used [0x00000000e5d00000,0x00000000e67fc538,0x00000000e6800000)
  to   space 7680K, 0% used [0x00000000e6b80000,0x00000000e6b80000,0x00000000e7300000)
 ParOldGen       total 56320K, used 8771K [0x0000000081400000, 0x0000000084b00000, 0x00000000d5c00000)
  object space 56320K, 15% used [0x0000000081400000,0x0000000081c90d50,0x0000000084b00000)
 Metaspace       used 29801K, capacity 31378K, committed 31488K, reserved 1081344K
  class space    used 4061K, capacity 4334K, committed 4352K, reserved 1048576K
}
Event: 5.532 GC heap before
{Heap before GC invocations=9 (full 2):
 PSYoungGen      total 230400K, used 11249K [0x00000000d5c00000, 0x00000000e7300000, 0x0000000100000000)
  eden space 219136K, 0% used [0x00000000d5c00000,0x00000000d5c00000,0x00000000e3200000)
  from space 11264K, 99% used [0x00000000e5d00000,0x00000000e67fc538,0x00000000e6800000)
  to   space 7680K, 0% used [0x00000000e6b80000,0x00000000e6b80000,0x00000000e7300000)
 ParOldGen       total 56320K, used 8771K [0x0000000081400000, 0x0000000084b00000, 0x00000000d5c00000)
  object space 56320K, 15% used [0x0000000081400000,0x0000000081c90d50,0x0000000084b00000)
 Metaspace       used 29801K, capacity 31378K, committed 31488K, reserved 1081344K
  class space    used 4061K, capacity 4334K, committed 4352K, reserved 1048576K

